  Structures, Unions and Enums in C++.cpp
C:\Users\Tayab\Desktop\c++\Structures, Unions and Enums in C++\Structures, Unions and Enums in C++\Structures, Unions and Enums in C++.cpp(35,6): error C2248: 'student::regNo': cannot access private member declared in class 'student'
C:\Users\Tayab\Desktop\c++\Structures, Unions and Enums in C++\Structures, Unions and Enums in C++\Structures, Unions and Enums in C++.cpp(7): message : see declaration of 'student::regNo'
C:\Users\Tayab\Desktop\c++\Structures, Unions and Enums in C++\Structures, Unions and Enums in C++\Structures, Unions and Enums in C++.cpp(4): message : see declaration of 'student'
C:\Users\Tayab\Desktop\c++\Structures, Unions and Enums in C++\Structures, Unions and Enums in C++\Structures, Unions and Enums in C++.cpp(36,6): error C2248: 'student::name': cannot access private member declared in class 'student'
C:\Users\Tayab\Desktop\c++\Structures, Unions and Enums in C++\Structures, Unions and Enums in C++\Structures, Unions and Enums in C++.cpp(9): message : see declaration of 'student::name'
C:\Users\Tayab\Desktop\c++\Structures, Unions and Enums in C++\Structures, Unions and Enums in C++\Structures, Unions and Enums in C++.cpp(4): message : see declaration of 'student'
C:\Users\Tayab\Desktop\c++\Structures, Unions and Enums in C++\Structures, Unions and Enums in C++\Structures, Unions and Enums in C++.cpp(37,6): error C2248: 'student::CGPA': cannot access private member declared in class 'student'
C:\Users\Tayab\Desktop\c++\Structures, Unions and Enums in C++\Structures, Unions and Enums in C++\Structures, Unions and Enums in C++.cpp(8): message : see declaration of 'student::CGPA'
C:\Users\Tayab\Desktop\c++\Structures, Unions and Enums in C++\Structures, Unions and Enums in C++\Structures, Unions and Enums in C++.cpp(4): message : see declaration of 'student'
C:\Users\Tayab\Desktop\c++\Structures, Unions and Enums in C++\Structures, Unions and Enums in C++\Structures, Unions and Enums in C++.cpp(38,6): error C2248: 'student::email': cannot access private member declared in class 'student'
C:\Users\Tayab\Desktop\c++\Structures, Unions and Enums in C++\Structures, Unions and Enums in C++\Structures, Unions and Enums in C++.cpp(9): message : see declaration of 'student::email'
C:\Users\Tayab\Desktop\c++\Structures, Unions and Enums in C++\Structures, Unions and Enums in C++\Structures, Unions and Enums in C++.cpp(4): message : see declaration of 'student'
C:\Users\Tayab\Desktop\c++\Structures, Unions and Enums in C++\Structures, Unions and Enums in C++\Structures, Unions and Enums in C++.cpp(39,7): error C2248: 'student::regNo': cannot access private member declared in class 'student'
C:\Users\Tayab\Desktop\c++\Structures, Unions and Enums in C++\Structures, Unions and Enums in C++\Structures, Unions and Enums in C++.cpp(7): message : see declaration of 'student::regNo'
C:\Users\Tayab\Desktop\c++\Structures, Unions and Enums in C++\Structures, Unions and Enums in C++\Structures, Unions and Enums in C++.cpp(4): message : see declaration of 'student'
C:\Users\Tayab\Desktop\c++\Structures, Unions and Enums in C++\Structures, Unions and Enums in C++\Structures, Unions and Enums in C++.cpp(40,7): error C2248: 'student::name': cannot access private member declared in class 'student'
C:\Users\Tayab\Desktop\c++\Structures, Unions and Enums in C++\Structures, Unions and Enums in C++\Structures, Unions and Enums in C++.cpp(9): message : see declaration of 'student::name'
C:\Users\Tayab\Desktop\c++\Structures, Unions and Enums in C++\Structures, Unions and Enums in C++\Structures, Unions and Enums in C++.cpp(4): message : see declaration of 'student'
C:\Users\Tayab\Desktop\c++\Structures, Unions and Enums in C++\Structures, Unions and Enums in C++\Structures, Unions and Enums in C++.cpp(41,7): error C2248: 'student::email': cannot access private member declared in class 'student'
C:\Users\Tayab\Desktop\c++\Structures, Unions and Enums in C++\Structures, Unions and Enums in C++\Structures, Unions and Enums in C++.cpp(9): message : see declaration of 'student::email'
C:\Users\Tayab\Desktop\c++\Structures, Unions and Enums in C++\Structures, Unions and Enums in C++\Structures, Unions and Enums in C++.cpp(4): message : see declaration of 'student'
C:\Users\Tayab\Desktop\c++\Structures, Unions and Enums in C++\Structures, Unions and Enums in C++\Structures, Unions and Enums in C++.cpp(42,7): error C2248: 'student::CGPA': cannot access private member declared in class 'student'
C:\Users\Tayab\Desktop\c++\Structures, Unions and Enums in C++\Structures, Unions and Enums in C++\Structures, Unions and Enums in C++.cpp(8): message : see declaration of 'student::CGPA'
C:\Users\Tayab\Desktop\c++\Structures, Unions and Enums in C++\Structures, Unions and Enums in C++\Structures, Unions and Enums in C++.cpp(4): message : see declaration of 'student'
C:\Users\Tayab\Desktop\c++\Structures, Unions and Enums in C++\Structures, Unions and Enums in C++\Structures, Unions and Enums in C++.cpp(43,14): error C2248: 'student::regNo': cannot access private member declared in class 'student'
C:\Users\Tayab\Desktop\c++\Structures, Unions and Enums in C++\Structures, Unions and Enums in C++\Structures, Unions and Enums in C++.cpp(7): message : see declaration of 'student::regNo'
C:\Users\Tayab\Desktop\c++\Structures, Unions and Enums in C++\Structures, Unions and Enums in C++\Structures, Unions and Enums in C++.cpp(4): message : see declaration of 'student'
C:\Users\Tayab\Desktop\c++\Structures, Unions and Enums in C++\Structures, Unions and Enums in C++\Structures, Unions and Enums in C++.cpp(44,14): error C2248: 'student::name': cannot access private member declared in class 'student'
C:\Users\Tayab\Desktop\c++\Structures, Unions and Enums in C++\Structures, Unions and Enums in C++\Structures, Unions and Enums in C++.cpp(9): message : see declaration of 'student::name'
C:\Users\Tayab\Desktop\c++\Structures, Unions and Enums in C++\Structures, Unions and Enums in C++\Structures, Unions and Enums in C++.cpp(4): message : see declaration of 'student'
C:\Users\Tayab\Desktop\c++\Structures, Unions and Enums in C++\Structures, Unions and Enums in C++\Structures, Unions and Enums in C++.cpp(45,14): error C2248: 'student::CGPA': cannot access private member declared in class 'student'
C:\Users\Tayab\Desktop\c++\Structures, Unions and Enums in C++\Structures, Unions and Enums in C++\Structures, Unions and Enums in C++.cpp(8): message : see declaration of 'student::CGPA'
C:\Users\Tayab\Desktop\c++\Structures, Unions and Enums in C++\Structures, Unions and Enums in C++\Structures, Unions and Enums in C++.cpp(4): message : see declaration of 'student'
C:\Users\Tayab\Desktop\c++\Structures, Unions and Enums in C++\Structures, Unions and Enums in C++\Structures, Unions and Enums in C++.cpp(46,14): error C2248: 'student::email': cannot access private member declared in class 'student'
C:\Users\Tayab\Desktop\c++\Structures, Unions and Enums in C++\Structures, Unions and Enums in C++\Structures, Unions and Enums in C++.cpp(9): message : see declaration of 'student::email'
C:\Users\Tayab\Desktop\c++\Structures, Unions and Enums in C++\Structures, Unions and Enums in C++\Structures, Unions and Enums in C++.cpp(4): message : see declaration of 'student'
C:\Users\Tayab\Desktop\c++\Structures, Unions and Enums in C++\Structures, Unions and Enums in C++\Structures, Unions and Enums in C++.cpp(47,15): error C2248: 'student::regNo': cannot access private member declared in class 'student'
C:\Users\Tayab\Desktop\c++\Structures, Unions and Enums in C++\Structures, Unions and Enums in C++\Structures, Unions and Enums in C++.cpp(7): message : see declaration of 'student::regNo'
C:\Users\Tayab\Desktop\c++\Structures, Unions and Enums in C++\Structures, Unions and Enums in C++\Structures, Unions and Enums in C++.cpp(4): message : see declaration of 'student'
C:\Users\Tayab\Desktop\c++\Structures, Unions and Enums in C++\Structures, Unions and Enums in C++\Structures, Unions and Enums in C++.cpp(48,15): error C2248: 'student::name': cannot access private member declared in class 'student'
C:\Users\Tayab\Desktop\c++\Structures, Unions and Enums in C++\Structures, Unions and Enums in C++\Structures, Unions and Enums in C++.cpp(9): message : see declaration of 'student::name'
C:\Users\Tayab\Desktop\c++\Structures, Unions and Enums in C++\Structures, Unions and Enums in C++\Structures, Unions and Enums in C++.cpp(4): message : see declaration of 'student'
C:\Users\Tayab\Desktop\c++\Structures, Unions and Enums in C++\Structures, Unions and Enums in C++\Structures, Unions and Enums in C++.cpp(49,15): error C2248: 'student::CGPA': cannot access private member declared in class 'student'
C:\Users\Tayab\Desktop\c++\Structures, Unions and Enums in C++\Structures, Unions and Enums in C++\Structures, Unions and Enums in C++.cpp(8): message : see declaration of 'student::CGPA'
C:\Users\Tayab\Desktop\c++\Structures, Unions and Enums in C++\Structures, Unions and Enums in C++\Structures, Unions and Enums in C++.cpp(4): message : see declaration of 'student'
C:\Users\Tayab\Desktop\c++\Structures, Unions and Enums in C++\Structures, Unions and Enums in C++\Structures, Unions and Enums in C++.cpp(50,15): error C2248: 'student::email': cannot access private member declared in class 'student'
C:\Users\Tayab\Desktop\c++\Structures, Unions and Enums in C++\Structures, Unions and Enums in C++\Structures, Unions and Enums in C++.cpp(9): message : see declaration of 'student::email'
C:\Users\Tayab\Desktop\c++\Structures, Unions and Enums in C++\Structures, Unions and Enums in C++\Structures, Unions and Enums in C++.cpp(4): message : see declaration of 'student'
C:\Users\Tayab\Desktop\c++\Structures, Unions and Enums in C++\Structures, Unions and Enums in C++\Structures, Unions and Enums in C++.cpp(58,17): warning C4305: '=': truncation from 'int' to 'char'
C:\Users\Tayab\Desktop\c++\Structures, Unions and Enums in C++\Structures, Unions and Enums in C++\Structures, Unions and Enums in C++.cpp(58,13): warning C4309: '=': truncation of constant value
C:\Users\Tayab\Desktop\c++\Structures, Unions and Enums in C++\Structures, Unions and Enums in C++\Structures, Unions and Enums in C++.cpp(59,16): warning C4305: '=': truncation from 'double' to 'float'
